DEBUG main io.netty.channel.MultithreadEventLoopGroup - -Dio.netty.eventLoopThreads: 16
DEBUG main io.netty.util.internal.InternalThreadLocalMap - -Dio.netty.threadLocalMap.stringBuilder.initialSize: 1024
DEBUG main io.netty.util.internal.InternalThreadLocalMap - -Dio.netty.threadLocalMap.stringBuilder.maxSize: 4096
DEBUG main io.netty.util.internal.PlatformDependent0 - -Dio.netty.noUnsafe: false
DEBUG main io.netty.util.internal.PlatformDependent0 - Java version: 8
DEBUG main io.netty.util.internal.PlatformDependent0 - sun.misc.Unsafe.theUnsafe: available
DEBUG main io.netty.util.internal.PlatformDependent0 - sun.misc.Unsafe.copyMemory: available
DEBUG main io.netty.util.internal.PlatformDependent0 - sun.misc.Unsafe.storeFence: available
DEBUG main io.netty.util.internal.PlatformDependent0 - java.nio.Buffer.address: available
DEBUG main io.netty.util.internal.PlatformDependent0 - direct buffer constructor: available
DEBUG main io.netty.util.internal.PlatformDependent0 - java.nio.Bits.unaligned: available, true
DEBUG main io.netty.util.internal.PlatformDependent0 - jdk.internal.misc.Unsafe.allocateUninitializedArray(int): unavailable prior to Java9
DEBUG main io.netty.util.internal.PlatformDependent0 - java.nio.DirectByteBuffer.<init>(long, int): available
DEBUG main io.netty.util.internal.PlatformDependent - sun.misc.Unsafe: available
DEBUG main io.netty.util.internal.PlatformDependent - -Dio.netty.tmpdir: C:\Temp (java.io.tmpdir)
DEBUG main io.netty.util.internal.PlatformDependent - -Dio.netty.bitMode: 64 (sun.arch.data.model)
DEBUG main io.netty.util.internal.PlatformDependent - Platform: Windows
DEBUG main io.netty.util.internal.PlatformDependent - -Dio.netty.maxDirectMemory: 1407713280 bytes
DEBUG main io.netty.util.internal.PlatformDependent - -Dio.netty.uninitializedArrayAllocationThreshold: -1
DEBUG main io.netty.util.internal.CleanerJava6 - java.nio.ByteBuffer.cleaner(): available
DEBUG main io.netty.util.internal.PlatformDependent - -Dio.netty.noPreferDirect: false
DEBUG main io.netty.channel.nio.NioEventLoop - -Dio.netty.noKeySetOptimization: false
DEBUG main io.netty.channel.nio.NioEventLoop - -Dio.netty.selectorAutoRebuildThreshold: 512
DEBUG main io.netty.util.internal.PlatformDependent - org.jctools-core.MpscChunkedArrayQueue: available
DEBUG main io.netty.channel.DefaultChannelId - -Dio.netty.processId: 8992 (auto-detected)
DEBUG main io.netty.util.NetUtil - -Djava.net.preferIPv4Stack: false
DEBUG main io.netty.util.NetUtil - -Djava.net.preferIPv6Addresses: false
DEBUG main io.netty.util.NetUtilInitializations - Loopback interface: lo (Software Loopback Interface 1, 127.0.0.1)
DEBUG main io.netty.util.NetUtil - Failed to get SOMAXCONN from sysctl and file \proc\sys\net\core\somaxconn. Default: 200
DEBUG main io.netty.channel.DefaultChannelId - -Dio.netty.machineId: 50:b7:c3:ff:fe:29:a3:cb (auto-detected)
DEBUG main io.netty.util.ResourceLeakDetector - -Dio.netty.leakDetection.level: simple
DEBUG main io.netty.util.ResourceLeakDetector - -Dio.netty.leakDetection.targetRecords: 4
DEBUG main io.netty.buffer.PooledByteBufAllocator - -Dio.netty.allocator.numHeapArenas: 16
DEBUG main io.netty.buffer.PooledByteBufAllocator - -Dio.netty.allocator.numDirectArenas: 16
DEBUG main io.netty.buffer.PooledByteBufAllocator - -Dio.netty.allocator.pageSize: 8192
DEBUG main io.netty.buffer.PooledByteBufAllocator - -Dio.netty.allocator.maxOrder: 9
DEBUG main io.netty.buffer.PooledByteBufAllocator - -Dio.netty.allocator.chunkSize: 4194304
DEBUG main io.netty.buffer.PooledByteBufAllocator - -Dio.netty.allocator.smallCacheSize: 256
DEBUG main io.netty.buffer.PooledByteBufAllocator - -Dio.netty.allocator.normalCacheSize: 64
DEBUG main io.netty.buffer.PooledByteBufAllocator - -Dio.netty.allocator.maxCachedBufferCapacity: 32768
DEBUG main io.netty.buffer.PooledByteBufAllocator - -Dio.netty.allocator.cacheTrimInterval: 8192
DEBUG main io.netty.buffer.PooledByteBufAllocator - -Dio.netty.allocator.cacheTrimIntervalMillis: 0
DEBUG main io.netty.buffer.PooledByteBufAllocator - -Dio.netty.allocator.useCacheForAllThreads: false
DEBUG main io.netty.buffer.PooledByteBufAllocator - -Dio.netty.allocator.maxCachedByteBuffersPerChunk: 1023
DEBUG main io.netty.buffer.ByteBufUtil - -Dio.netty.allocator.type: pooled
DEBUG main io.netty.buffer.ByteBufUtil - -Dio.netty.threadLocalDirectBufferSize: 0
DEBUG main io.netty.buffer.ByteBufUtil - -Dio.netty.maxThreadLocalCharBufferSize: 16384
INFO main stdout - СТАРТ СЕРВЕРА...
DEBUG nioEventLoopGroup-3-1 io.netty.util.Recycler - -Dio.netty.recycler.maxCapacityPerThread: 4096
DEBUG nioEventLoopGroup-3-1 io.netty.util.Recycler - -Dio.netty.recycler.ratio: 8
DEBUG nioEventLoopGroup-3-1 io.netty.util.Recycler - -Dio.netty.recycler.chunkSize: 32
DEBUG nioEventLoopGroup-3-1 io.netty.util.Recycler - -Dio.netty.recycler.blocking: false
DEBUG nioEventLoopGroup-3-1 io.netty.buffer.AbstractByteBuf - -Dio.netty.buffer.checkAccessible: true
DEBUG nioEventLoopGroup-3-1 io.netty.buffer.AbstractByteBuf - -Dio.netty.buffer.checkBounds: true
DEBUG nioEventLoopGroup-3-1 io.netty.util.ResourceLeakDetectorFactory - Loaded default ResourceLeakDetector: io.netty.util.ResourceLeakDetector@13f45018
INFO nioEventLoopGroup-3-1 stdout - Данные которые пришли на авторизацию в БД= cat | 1
INFO nioEventLoopGroup-3-1 stdout - Значение получено из ДБ - cat
INFO nioEventLoopGroup-3-1 stdout - return from DB nickName = cat
INFO nioEventLoopGroup-3-1 stdout - com.geekbrains.AuthMsg@5288aa5
INFO nioEventLoopGroup-3-1 stdout - UpdateFileListMsg(serverFileLi
INFO nioEventLoopGroup-3-1 stdout - RenameMsg(oldFileName=file, ne
INFO nioEventLoopGroup-3-1 stdout - RenameMsg(oldFileName=file, ne
rectByteBuffer.<init>(long, int): available
DEBUG JavaFX Application Thread io.netty.util.internal.PlatformDependent - sun.misc.Unsafe: available
DEBUG JavaFX Application Thread io.netty.util.internal.PlatformDependent - -Dio.netty.tmpdir: C:\Temp (java.io.tmpdir)
DEBUG JavaFX Application Thread io.netty.util.internal.PlatformDependent - -Dio.netty.bitMode: 64 (sun.arch.data.model)
DEBUG JavaFX Application Thread io.netty.util.internal.PlatformDependent - Platform: Windows
DEBUG JavaFX Application Thread io.netty.util.internal.PlatformDependent - -Dio.netty.maxDirectMemory: 1407713280 bytes
DEBUG JavaFX Application Thread io.netty.util.internal.PlatformDependent - -Dio.netty.uninitializedArrayAllocationThreshold: -1
DEBUG JavaFX Application Thread io.netty.util.internal.CleanerJava6 - java.nio.ByteBuffer.cleaner(): available
DEBUG JavaFX Application Thread io.netty.util.internal.PlatformDependent - -Dio.netty.noPreferDirect: false
DEBUG JavaFX Application Thread io.netty.util.ResourceLeakDetector - -Dio.netty.leakDetection.level: simple
DEBUG JavaFX Application Thread io.netty.util.ResourceLeakDetector - -Dio.netty.leakDetection.targetRecords: 4
DEBUG JavaFX Application Thread io.netty.buffer.AbstractByteBuf - -Dio.netty.buffer.checkAccessible: true
DEBUG JavaFX Application Thread io.netty.buffer.AbstractByteBuf - -Dio.netty.buffer.checkBounds: true
DEBUG JavaFX Application Thread io.netty.util.ResourceLeakDetectorFactory - Loaded default ResourceLeakDetector: io.netty.util.ResourceLeakDetector@b1b959e
INFO Thread-4 stdout - AuthMsg
INFO Thread-4 stdout - Пользователь cat подключился!
DEBUG main io.netty.util.internal.logging.InternalLoggerFactory - Using Log4J as the default logging framework
DEBUG main io.netty.channel.MultithreadEventLoopGroup - -Dio.netty.eventLoopThreads: 16
DEBUG main io.netty.util.internal.InternalThreadLocalMap - -Dio.netty.threadLocalMap.stringBuilder.initialSize: 1024
DEBUG main io.netty.util.internal.InternalThreadLocalMap - -Dio.netty.threadLocalMap.stringBuilder.maxSize: 4096
DEBUG main io.netty.util.internal.PlatformDependent0 - -Dio.netty.noUnsafe: false
DEBUG main io.netty.util.internal.PlatformDependent0 - Java version: 8
DEBUG main io.netty.util.internal.PlatformDependent0 - sun.misc.Unsafe.theUnsafe: available
DEBUG main io.netty.util.internal.PlatformDependent0 - sun.misc.Unsafe.copyMemory: available
DEBUG main io.netty.util.internal.PlatformDependent0 - sun.misc.Unsafe.storeFence: available
DEBUG main io.netty.util.internal.PlatformDependent0 - java.nio.Buffer.address: available
DEBUG main io.netty.util.internal.PlatformDependent0 - direct buffer constructor: available
DEBUG main io.netty.util.internal.PlatformDependent0 - java.nio.Bits.unaligned: available, true
DEBUG main io.netty.util.internal.PlatformDependent0 - jdk.internal.misc.Unsafe.allocateUninitializedArray(int): unavailable prior to Java9
DEBUG main io.netty.util.internal.PlatformDependent0 - java.nio.DirectByteBuffer.<init>(long, int): available
DEBUG main io.netty.util.internal.PlatformDependent - sun.misc.Unsafe: available
DEBUG main io.netty.util.internal.PlatformDependent - -Dio.netty.tmpdir: C:\Temp (java.io.tmpdir)
DEBUG main io.netty.util.internal.PlatformDependent - -Dio.netty.bitMode: 64 (sun.arch.data.model)
DEBUG main io.netty.util.internal.PlatformDependent - Platform: Windows
DEBUG main io.netty.util.internal.PlatformDependent - -Dio.netty.maxDirectMemory: 1407713280 bytes
DEBUG main io.netty.util.internal.PlatformDependent - -Dio.netty.uninitializedArrayAllocationThreshold: -1
DEBUG main io.netty.util.internal.CleanerJava6 - java.nio.ByteBuffer.cleaner(): available
DEBUG main io.netty.util.internal.PlatformDependent - -Dio.netty.noPreferDirect: false
DEBUG main io.netty.channel.nio.NioEventLoop - -Dio.netty.noKeySetOptimization: false
DEBUG main io.netty.channel.nio.NioEventLoop - -Dio.netty.selectorAutoRebuildThreshold: 512
DEBUG main io.netty.util.internal.PlatformDependent - org.jctools-core.MpscChunkedArrayQueue: available
DEBUG main io.netty.channel.DefaultChannelId - -Dio.netty.processId: 7792 (auto-detected)
DEBUG main io.netty.util.NetUtil - -Djava.net.preferIPv4Stack: false
DEBUG main io.netty.util.NetUtil - -Djava.net.preferIPv6Addresses: false
DEBUG main io.netty.util.NetUtilInitializations - Loopback interface: lo (Software Loopback Interface 1, 127.0.0.1)
DEBUG main io.netty.util.NetUtil - Failed to get SOMAXCONN from sysctl and file \proc\sys\net\core\somaxconn. Default: 200
DEBUG main io.netty.channel.DefaultChannelId - -Dio.netty.machineId: 50:b7:c3:ff:fe:29:a3:cb (auto-detected)
DEBUG main io.netty.util.ResourceLeakDetector - -Dio.netty.leakDetection.level: simple
DEBUG main io.netty.util.ResourceLeakDetector - -Dio.netty.leakDetection.targetRecords: 4
DEBUG main io.netty.buffer.PooledByteBufAllocator - -Dio.netty.allocator.numHeapArenas: 16
DEBUG main io.netty.buffer.PooledByteBufAllocator - -Dio.netty.allocator.numDirectArenas: 16
DEBUG main io.netty.buffer.PooledByteBufAllocator - -Dio.netty.allocator.pageSize: 8192
DEBUG main io.netty.buffer.PooledByteBufAllocator - -Dio.netty.allocator.maxOrder: 9
DEBUG main io.netty.buffer.PooledByteBufAllocator - -Dio.netty.allocator.chunkSize: 4194304
DEBUG main io.netty.buffer.PooledByteBufAllocator - -Dio.netty.allocator.smallCacheSize: 256
DEBUG main io.netty.buffer.PooledByteBufAllocator - -Dio.netty.allocator.normalCacheSize: 64
DEBUG main io.netty.buffer.PooledByteBufAllocator - -Dio.netty.allocator.maxCachedBufferCapacity: 32768
DEBUG main io.netty.buffer.PooledByteBufAllocator - -Dio.netty.allocator.cacheTrimInterval: 8192
DEBUG main io.netty.buffer.PooledByteBufAllocator - -Dio.netty.allocator.cacheTrimIntervalMillis: 0
DEBUG main io.netty.buffer.PooledByteBufAllocator - -Dio.netty.allocator.useCacheForAllThreads: false
DEBUG main io.netty.buffer.PooledByteBufAllocator - -Dio.netty.allocator.maxCachedByteBuffersPerChunk: 1023
DEBUG main io.netty.buffer.ByteBufUtil - -Dio.netty.allocator.type: pooled
DEBUG main io.netty.buffer.ByteBufUtil - -Dio.netty.threadLocalDirectBufferSize: 0
DEBUG main io.netty.buffer.ByteBufUtil - -Dio.netty.maxThreadLocalCharBufferSize: 16384
INFO main stdout - СТАРТ СЕРВЕРА...
DEBUG JavaFX Application Thread io.netty.util.internal.logging.InternalLoggerFactory - Using Log4J as the default logging framework
DEBUG JavaFX Application Thread io.netty.util.internal.PlatformDependent0 - -Dio.netty.noUnsafe: false
DEBUG JavaFX Application Thread io.netty.util.internal.PlatformDependent0 - Java version: 8
DEBUG JavaFX Application Thread io.netty.util.internal.PlatformDependent0 - sun.misc.Unsafe.theUnsafe: available
DEBUG JavaFX Application Thread io.netty.util.internal.PlatformDependent0 - sun.misc.Unsafe.copyMemory: available
DEBUG JavaFX Application Thread io.netty.util.internal.PlatformDependent0 - sun.misc.Unsafe.storeFence: available
DEBUG JavaFX Application Thread io.netty.util.internal.PlatformDependent0 - java.nio.Buffer.address: available
DEBUG JavaFX Application Thread io.netty.util.internal.PlatformDependent0 - direct buffer constructor: available
DEBUG JavaFX Application Thread io.netty.util.internal.PlatformDependent0 - java.nio.Bits.unaligned: available, true
DEBUG JavaFX Application Thread io.netty.util.internal.PlatformDependent0 - jdk.internal.misc.Unsafe.allocateUninitializedArray(int): unavailable prior to Java9
DEBUG JavaFX Application Thread io.netty.util.internal.PlatformDependent0 - java.nio.DirectByteBuffer.<init>(long, int): available
DEBUG JavaFX Application Thread io.netty.util.internal.PlatformDependent - sun.misc.Unsafe: available
DEBUG JavaFX Application Thread io.netty.util.internal.PlatformDependent - -Dio.netty.tmpdir: C:\Temp (java.io.tmpdir)
DEBUG JavaFX Application Thread io.netty.util.internal.PlatformDependent - -Dio.netty.bitMode: 64 (sun.arch.data.model)
DEBUG JavaFX Application Thread io.netty.util.internal.PlatformDependent - Platform: Windows
DEBUG JavaFX Application Thread io.netty.util.internal.PlatformDependent - -Dio.netty.maxDirectMemory: 1407713280 bytes
DEBUG JavaFX Application Thread io.netty.util.internal.PlatformDependent - -Dio.netty.uninitializedArrayAllocationThreshold: -1
DEBUG JavaFX Application Thread io.netty.util.internal.CleanerJava6 - java.nio.ByteBuffer.cleaner(): available
DEBUG JavaFX Application Thread io.netty.util.internal.PlatformDependent - -Dio.netty.noPreferDirect: false
DEBUG JavaFX Application Thread io.netty.util.ResourceLeakDetector - -Dio.netty.leakDetection.level: simple
DEBUG JavaFX Application Thread io.netty.util.ResourceLeakDetector - -Dio.netty.leakDetection.targetRecords: 4
DEBUG JavaFX Application Thread io.netty.buffer.AbstractByteBuf - -Dio.netty.buffer.checkAccessible: true
DEBUG JavaFX Application Thread io.netty.buffer.AbstractByteBuf - -Dio.netty.buffer.checkBounds: true
DEBUG JavaFX Application Thread io.netty.util.ResourceLeakDetectorFactory - Loaded default ResourceLeakDetector: io.netty.util.ResourceLeakDetector@1ea3a778
DEBUG nioEventLoopGroup-3-1 io.netty.util.Recycler - -Dio.netty.recycler.maxCapacityPerThread: 4096
DEBUG nioEventLoopGroup-3-1 io.netty.util.Recycler - -Dio.netty.recycler.ratio: 8
DEBUG nioEventLoopGroup-3-1 io.netty.util.Recycler - -Dio.netty.recycler.chunkSize: 32
DEBUG nioEventLoopGroup-3-1 io.netty.util.Recycler - -Dio.netty.recycler.blocking: false
DEBUG nioEventLoopGroup-3-1 io.netty.buffer.AbstractByteBuf - -Dio.netty.buffer.checkAccessible: true
DEBUG nioEventLoopGroup-3-1 io.netty.buffer.AbstractByteBuf - -Dio.netty.buffer.checkBounds: true
DEBUG nioEventLoopGroup-3-1 io.netty.util.ResourceLeakDetectorFactory - Loaded default ResourceLeakDetector: io.netty.util.ResourceLeakDetector@89a82f7
INFO nioEventLoopGroup-3-1 stdout - Данные которые пришли на авторизацию в БД= cat | 1
INFO nioEventLoopGroup-3-1 stdout - Значение получено из ДБ - cat
INFO nioEventLoopGroup-3-1 stdout - return from DB nickName = cat
INFO nioEventLoopGroup-3-1 stdout - com.geekbrains.AuthMsg@4290f6f
INFO Thread-4 stdout - AuthMsg
INFO Thread-4 stdout - Пользователь cat подключился!
INFO nioEventLoopGroup-3-1 stdout - UpdateFileListMsg(serverFileLi
INFO nioEventLoopGroup-3-1 stdout - RenameMsg(oldFileName=file, ne
DEBUG JavaFX Application Thread io.netty.util.internal.logging.InternalLoggerFactory - Using Log4J as the default logging framework
DEBUG JavaFX Application Thread io.netty.util.internal.PlatformDependent0 - -Dio.netty.noUnsafe: false
DEBUG JavaFX Application Thread io.netty.util.internal.PlatformDependent0 - Java version: 8
DEBUG JavaFX Application Thread io.netty.util.internal.PlatformDependent0 - sun.misc.Unsafe.theUnsafe: available
DEBUG JavaFX Application Thread io.netty.util.internal.PlatformDependent0 - sun.misc.Unsafe.copyMemory: available
DEBUG JavaFX Application Thread io.netty.util.internal.PlatformDependent0 - sun.misc.Unsafe.storeFence: available
DEBUG JavaFX Application Thread io.netty.util.internal.PlatformDependent0 - java.nio.Buffer.address: available
DEBUG JavaFX Application Thread io.netty.util.internal.PlatformDependent0 - direct buffer constructor: available
DEBUG JavaFX Application Thread io.netty.util.internal.PlatformDependent0 - java.nio.Bits.unaligned: available, true
DEBUG JavaFX Application Thread io.netty.util.internal.PlatformDependent0 - jdk.internal.misc.Unsafe.allocateUninitializedArray(int): unavailable prior to Java9
DEBUG JavaFX Application Thread io.netty.util.internal.PlatformDependent0 - java.nio.DirectByteBuffer.<init>(long, int): available
DEBUG JavaFX Application Thread io.netty.util.internal.PlatformDependent - sun.misc.Unsafe: available
DEBUG JavaFX Application Thread io.netty.util.internal.PlatformDependent - -Dio.netty.tmpdir: C:\Temp (java.io.tmpdir)
DEBUG JavaFX Application Thread io.netty.util.internal.PlatformDependent - -Dio.netty.bitMode: 64 (sun.arch.data.model)
DEBUG JavaFX Application Thread io.netty.util.internal.PlatformDependent - Platform: Windows
DEBUG JavaFX Application Thread io.netty.util.internal.PlatformDependent - -Dio.netty.maxDirectMemory: 1407713280 bytes
DEBUG JavaFX Application Thread io.netty.util.internal.PlatformDependent - -Dio.netty.uninitializedArrayAllocationThreshold: -1
DEBUG JavaFX Application Thread io.netty.util.internal.CleanerJava6 - java.nio.ByteBuffer.cleaner(): available
DEBUG JavaFX Application Thread io.netty.util.internal.PlatformDependent - -Dio.netty.noPreferDirect: false
DEBUG JavaFX Application Thread io.netty.util.ResourceLeakDetector - -Dio.netty.leakDetection.level: simple
DEBUG JavaFX Application Thread io.netty.util.ResourceLeakDetector - -Dio.netty.leakDetection.targetRecords: 4
DEBUG JavaFX Application Thread io.netty.buffer.AbstractByteBuf - -Dio.netty.buffer.checkAccessible: true
DEBUG JavaFX Application Thread io.netty.buffer.AbstractByteBuf - -Dio.netty.buffer.checkBounds: true
DEBUG JavaFX Application Thread io.netty.util.ResourceLeakDetectorFactory - Loaded default ResourceLeakDetector: io.netty.util.ResourceLeakDetector@4fea2036
INFO nioEventLoopGroup-3-2 stdout - Данные которые пришли на авторизацию в БД= cat | 1
INFO nioEventLoopGroup-3-2 stdout - Значение получено из ДБ - cat
INFO nioEventLoopGroup-3-2 stdout - return from DB nickName = cat
INFO nioEventLoopGroup-3-2 stdout - com.geekbrains.AuthMsg@7b3d882
INFO Thread-4 stdout - AuthMsg
INFO Thread-4 stdout - Пользователь cat подключился!
INFO nioEventLoopGroup-3-2 stdout - UpdateFileListMsg(serverFileLi
INFO nioEventLoopGroup-3-2 stdout - RenameMsg(oldFileName=222, new
DEBUG main io.netty.util.internal.logging.InternalLoggerFactory - Using Log4J as the default logging framework
DEBUG main io.netty.channel.MultithreadEventLoopGroup - -Dio.netty.eventLoopThreads: 16
DEBUG main io.netty.util.internal.InternalThreadLocalMap - -Dio.netty.threadLocalMap.stringBuilder.initialSize: 1024
DEBUG main io.netty.util.internal.InternalThreadLocalMap - -Dio.netty.threadLocalMap.stringBuilder.maxSize: 4096
DEBUG main io.netty.util.internal.PlatformDependent0 - -Dio.netty.noUnsafe: false
DEBUG main io.netty.util.internal.PlatformDependent0 - Java version: 8
DEBUG main io.netty.util.internal.PlatformDependent0 - sun.misc.Unsafe.theUnsafe: available
DEBUG main io.netty.util.internal.PlatformDependent0 - sun.misc.Unsafe.copyMemory: available
DEBUG main io.netty.util.internal.PlatformDependent0 - sun.misc.Unsafe.storeFence: available
DEBUG main io.netty.util.internal.PlatformDependent0 - java.nio.Buffer.address: available
DEBUG main io.netty.util.internal.PlatformDependent0 - direct buffer constructor: available
DEBUG main io.netty.util.internal.PlatformDependent0 - java.nio.Bits.unaligned: available, true
DEBUG main io.netty.util.internal.PlatformDependent0 - jdk.internal.misc.Unsafe.allocateUninitializedArray(int): unavailable prior to Java9
DEBUG main io.netty.util.internal.PlatformDependent0 - java.nio.DirectByteBuffer.<init>(long, int): available
DEBUG main io.netty.util.internal.PlatformDependent - sun.misc.Unsafe: available
DEBUG main io.netty.util.internal.PlatformDependent - -Dio.netty.tmpdir: C:\Temp (java.io.tmpdir)
DEBUG main io.netty.util.internal.PlatformDependent - -Dio.netty.bitMode: 64 (sun.arch.data.model)
DEBUG main io.netty.util.internal.PlatformDependent - Platform: Windows
DEBUG main io.netty.util.internal.PlatformDependent - -Dio.netty.maxDirectMemory: 1407713280 bytes
DEBUG main io.netty.util.internal.PlatformDependent - -Dio.netty.uninitializedArrayAllocationThreshold: -1
DEBUG main io.netty.util.internal.CleanerJava6 - java.nio.ByteBuffer.cleaner(): available
DEBUG main io.netty.util.internal.PlatformDependent - -Dio.netty.noPreferDirect: false
DEBUG main io.netty.channel.nio.NioEventLoop - -Dio.netty.noKeySetOptimization: false
DEBUG main io.netty.channel.nio.NioEventLoop - -Dio.netty.selectorAutoRebuildThreshold: 512
DEBUG main io.netty.util.internal.PlatformDependent - org.jctools-core.MpscChunkedArrayQueue: available
DEBUG main io.netty.channel.DefaultChannelId - -Dio.netty.processId: 8700 (auto-detected)
DEBUG main io.netty.util.NetUtil - -Djava.net.preferIPv4Stack: false
DEBUG main io.netty.util.NetUtil - -Djava.net.preferIPv6Addresses: false
DEBUG main io.netty.util.NetUtilInitializations - Loopback interface: lo (Software Loopback Interface 1, 127.0.0.1)
DEBUG main io.netty.util.NetUtil - Failed to get SOMAXCONN from sysctl and file \proc\sys\net\core\somaxconn. Default: 200
DEBUG main io.netty.channel.DefaultChannelId - -Dio.netty.machineId: 50:b7:c3:ff:fe:29:a3:cb (auto-detected)
DEBUG main io.netty.util.ResourceLeakDetector - -Dio.netty.leakDetection.level: simple
DEBUG main io.netty.util.ResourceLeakDetector - -Dio.netty.leakDetection.targetRecords: 4
DEBUG main io.netty.buffer.PooledByteBufAllocator - -Dio.netty.allocator.numHeapArenas: 16
DEBUG main io.netty.buffer.PooledByteBufAllocator - -Dio.netty.allocator.numDirectArenas: 16
DEBUG main io.netty.buffer.PooledByteBufAllocator - -Dio.netty.allocator.pageSize: 8192
DEBUG main io.netty.buffer.PooledByteBufAllocator - -Dio.netty.allocator.maxOrder: 9
DEBUG main io.netty.buffer.PooledByteBufAllocator - -Dio.netty.allocator.chunkSize: 4194304
DEBUG main io.netty.buffer.PooledByteBufAllocator - -Dio.netty.allocator.smallCacheSize: 256
DEBUG main io.netty.buffer.PooledByteBufAllocator - -Dio.netty.allocator.normalCacheSize: 64
DEBUG main io.netty.buffer.PooledByteBufAllocator - -Dio.netty.allocator.maxCachedBufferCapacity: 32768
DEBUG main io.netty.buffer.PooledByteBufAllocator - -Dio.netty.allocator.cacheTrimInterval: 8192
DEBUG main io.netty.buffer.PooledByteBufAllocator - -Dio.netty.allocator.cacheTrimIntervalMillis: 0
DEBUG main io.netty.buffer.PooledByteBufAllocator - -Dio.netty.allocator.useCacheForAllThreads: false
DEBUG main io.netty.buffer.PooledByteBufAllocator - -Dio.netty.allocator.maxCachedByteBuffersPerChunk: 1023
DEBUG main io.netty.buffer.ByteBufUtil - -Dio.netty.allocator.type: pooled
DEBUG main io.netty.buffer.ByteBufUtil - -Dio.netty.threadLocalDirectBufferSize: 0
DEBUG main io.netty.buffer.ByteBufUtil - -Dio.netty.maxThreadLocalCharBufferSize: 16384
INFO main stdout - СТАРТ СЕРВЕРА...
DEBUG JavaFX Application Thread io.netty.util.internal.logging.InternalLoggerFactory - Using Log4J as the default logging framework
DEBUG JavaFX Application Thread io.netty.util.internal.PlatformDependent0 - -Dio.netty.noUnsafe: false
DEBUG JavaFX Application Thread io.netty.util.internal.PlatformDependent0 - Java version: 8
DEBUG JavaFX Application Thread io.netty.util.internal.PlatformDependent0 - sun.misc.Unsafe.theUnsafe: available
DEBUG JavaFX Application Thread io.netty.util.internal.PlatformDependent0 - sun.misc.Unsafe.copyMemory: available
DEBUG JavaFX Application Thread io.netty.util.internal.PlatformDependent0 - sun.misc.Unsafe.storeFence: available
DEBUG JavaFX Application Thread io.netty.util.internal.PlatformDependent0 - java.nio.Buffer.address: available
DEBUG JavaFX Application Thread io.netty.util.internal.PlatformDependent0 - direct buffer constructor: available
DEBUG JavaFX Application Thread io.netty.util.internal.PlatformDependent0 - java.nio.Bits.unaligned: available, true
DEBUG JavaFX Application Thread io.netty.util.internal.PlatformDependent0 - jdk.internal.misc.Unsafe.allocateUninitializedArray(int): unavailable prior to Java9
DEBUG JavaFX Application Thread io.netty.util.internal.PlatformDependent0 - java.nio.DirectByteBuffer.<init>(long, int): available
DEBUG JavaFX Application Thread io.netty.util.internal.PlatformDependent - sun.misc.Unsafe: available
DEBUG JavaFX Application Thread io.netty.util.internal.PlatformDependent - -Dio.netty.tmpdir: C:\Temp (java.io.tmpdir)
DEBUG JavaFX Application Thread io.netty.util.internal.PlatformDependent - -Dio.netty.bitMode: 64 (sun.arch.data.model)
DEBUG JavaFX Application Thread io.netty.util.internal.PlatformDependent - Platform: Windows
DEBUG JavaFX Application Thread io.netty.util.internal.PlatformDependent - -Dio.netty.maxDirectMemory: 1407713280 bytes
DEBUG JavaFX Application Thread io.netty.util.internal.PlatformDependent - -Dio.netty.uninitializedArrayAllocationThreshold: -1
DEBUG JavaFX Application Thread io.netty.util.internal.CleanerJava6 - java.nio.ByteBuffer.cleaner(): available
DEBUG JavaFX Application Thread io.netty.util.internal.PlatformDependent - -Dio.netty.noPreferDirect: false
DEBUG JavaFX Application Thread io.netty.util.ResourceLeakDetector - -Dio.netty.leakDetection.level: simple
DEBUG JavaFX Application Thread io.netty.util.ResourceLeakDetector - -Dio.netty.leakDetection.targetRecords: 4
DEBUG JavaFX Application Thread io.netty.buffer.AbstractByteBuf - -Dio.netty.buffer.checkAccessible: true
DEBUG JavaFX Application Thread io.netty.buffer.AbstractByteBuf - -Dio.netty.buffer.checkBounds: true
DEBUG JavaFX Application Thread io.netty.util.ResourceLeakDetectorFactory - Loaded default ResourceLeakDetector: io.netty.util.ResourceLeakDetector@56a9d411
DEBUG nioEventLoopGroup-3-1 io.netty.util.Recycler - -Dio.netty.recycler.maxCapacityPerThread: 4096
DEBUG nioEventLoopGroup-3-1 io.netty.util.Recycler - -Dio.netty.recycler.ratio: 8
DEBUG nioEventLoopGroup-3-1 io.netty.util.Recycler - -Dio.netty.recycler.chunkSize: 32
DEBUG nioEventLoopGroup-3-1 io.netty.util.Recycler - -Dio.netty.recycler.blocking: false
DEBUG nioEventLoopGroup-3-1 io.netty.buffer.AbstractByteBuf - -Dio.netty.buffer.checkAccessible: true
DEBUG nioEventLoopGroup-3-1 io.netty.buffer.AbstractByteBuf - -Dio.netty.buffer.checkBounds: true
DEBUG nioEventLoopGroup-3-1 io.netty.util.ResourceLeakDetectorFactory - Loaded default ResourceLeakDetector: io.netty.util.ResourceLeakDetector@1e15d0e7
INFO nioEventLoopGroup-3-1 stdout - Данные которые пришли на авторизацию в БД= cat | 1
INFO nioEventLoopGroup-3-1 stdout - Значение получено из ДБ - cat
INFO nioEventLoopGroup-3-1 stdout - return from DB nickName = cat
INFO Thread-4 stdout - AuthMsg
INFO Thread-4 stdout - Пользователь cat подключился!
